<?xml version="1.0" encoding="UTF-8"?>
<!-- Generated by org.testng.reporters.JUnitReportReporter -->
<testsuite skipped="0" hostname="DESKTOP-RI9OTG3" name="suite.dScraper" tests="3" failures="0" timestamp="2020-06-06T22:06:23 IST" time="792.778" errors="0">
  <testcase name="dataScrapper" time="334.894" classname="suite.dScraper"/>
  <system-out/>
  <testcase name="dataScrapper" time="262.661" classname="suite.dScraper"/>
  <system-out/>
  <testcase name="dataScrapper" time="195.223" classname="suite.dScraper"/>
  <system-out/>
</testsuite> <!-- suite.dScraper -->
