<?xml version="1.0" encoding="UTF-8"?>
<!-- Generated by org.testng.reporters.JUnitReportReporter -->
<testsuite skipped="0" hostname="DESKTOP-RI9OTG3" name="suite.dScraper" tests="2" failures="0" timestamp="2020-06-07T21:08:44 IST" time="2388.703" errors="0">
  <testcase name="dataScrapper" time="2045.391" classname="suite.dScraper"/>
  <system-out/>
  <testcase name="dataScrapper" time="343.312" classname="suite.dScraper"/>
  <system-out/>
</testsuite> <!-- suite.dScraper -->
