<?xml version="1.0" encoding="UTF-8"?>
<!-- Generated by org.testng.reporters.JUnitReportReporter -->
<testsuite skipped="0" hostname="DESKTOP-RI9OTG3" name="suite.dScraper" tests="3" failures="0" timestamp="2020-06-06T15:16:50 IST" time="1841.907" errors="0">
  <testcase name="dataScrapper" time="1058.228" classname="suite.dScraper"/>
  <system-out/>
  <testcase name="dataScrapper" time="575.804" classname="suite.dScraper"/>
  <system-out/>
  <testcase name="dataScrapper" time="207.875" classname="suite.dScraper"/>
  <system-out/>
</testsuite> <!-- suite.dScraper -->
